2026-07-07T09:55:01.112Z INFO  checkout-service pod=checkout-7f9c-a1 req_id=8e21 GET /cart/summary status=200 duration_ms=112
2026-07-07T09:55:03.400Z INFO  checkout-service pod=checkout-7f9c-b2 req_id=8e22 POST /checkout/start status=200 duration_ms=145
2026-07-07T09:57:40.221Z INFO  checkout-service pod=checkout-7f9c-a1 req_id=8e40 POST /checkout/start status=200 duration_ms=138
2026-07-07T09:58:02.005Z INFO  deploy-agent  Rolling update started: checkout-service v2.13.4 -> v2.14.0
2026-07-07T09:58:47.883Z INFO  deploy-agent  Rolling update completed: checkout-service v2.14.0 (12/12 pods ready)
2026-07-07T09:59:10.331Z INFO  checkout-service pod=checkout-8a1d-c3 req_id=8e55 POST /checkout/start status=200 duration_ms=151
2026-07-07T10:00:02.114Z INFO  checkout-service pod=checkout-8a1d-c3 req_id=8e73 POST /checkout/start status=200 duration_ms=203
2026-07-07T10:00:04.900Z DEBUG checkout-service pod=checkout-8a1d-c3 req_id=8e73 cart.items.fetch strategy=lazy items=4 queries_executed=5
2026-07-07T10:00:31.220Z INFO  checkout-service pod=checkout-8a1d-d4 req_id=8e90 POST /checkout/start status=200 duration_ms=241
2026-07-07T10:01:05.442Z WARN  checkout-service pod=checkout-8a1d-c3 req_id=8f02 db.query slow_query duration_ms=138 sql="SELECT * FROM product WHERE id = ?" note="N+1 pattern suspected: 6 calls in single request"
2026-07-07T10:01:47.006Z INFO  checkout-service pod=checkout-8a1d-d4 req_id=8f18 POST /checkout/start status=200 duration_ms=389
2026-07-07T10:02:20.775Z WARN  checkout-service pod=checkout-8a1d-c3 req_id=8f31 db.pool active_connections=34 max_connections=50 avg_hold_time_ms=210
2026-07-07T10:02:55.114Z WARN  checkout-service pod=checkout-8a1d-e5 req_id=8f47 db.query slow_query duration_ms=162 sql="SELECT * FROM product WHERE id = ?" note="N+1 pattern suspected: 9 calls in single request"
2026-07-07T10:03:12.900Z INFO  checkout-service pod=checkout-8a1d-e5 req_id=8f47 POST /checkout/start status=200 duration_ms=612
2026-07-07T10:03:44.221Z WARN  checkout-service pod=checkout-8a1d-c3 req_id=8f62 db.pool active_connections=45 max_connections=50 avg_hold_time_ms=340
2026-07-07T10:04:10.556Z ERROR checkout-service pod=checkout-8a1d-d4 req_id=8f80 db.pool.acquire timeout_ms=5000 active_connections=50 max_connections=50 msg="ConnectionPoolTimeoutException: no free connection after 5000ms"
2026-07-07T10:04:11.002Z ERROR checkout-service pod=checkout-8a1d-d4 req_id=8f80 POST /checkout/start status=504 duration_ms=5008
2026-07-07T10:04:33.712Z ERROR checkout-service pod=checkout-8a1d-e5 req_id=8f91 db.pool.acquire timeout_ms=5000 active_connections=50 max_connections=50 msg="ConnectionPoolTimeoutException: no free connection after 5000ms"
2026-07-07T10:04:34.100Z ERROR checkout-service pod=checkout-8a1d-e5 req_id=8f91 POST /checkout/start status=504 duration_ms=5011
2026-07-07T10:05:02.440Z ERROR checkout-service pod=checkout-8a1d-c3 req_id=8fa0 db.pool.acquire timeout_ms=5000 active_connections=50 max_connections=50 msg="ConnectionPoolTimeoutException: no free connection after 5000ms"
2026-07-07T10:05:02.900Z INFO  checkout-service pod=checkout-8a1d-c3 req_id=8fa0 retry.scheduled attempt=1 delay_ms=200
2026-07-07T10:05:03.150Z ERROR checkout-service pod=checkout-8a1d-c3 req_id=8fa0 POST /checkout/start status=504 duration_ms=5015
2026-07-07T10:05:15.667Z WARN  checkout-service pod=checkout-8a1d-f6 req_id=8fb3 db.pool active_connections=50 max_connections=50 queued_requests=14
2026-07-07T10:05:40.221Z ERROR checkout-service pod=checkout-8a1d-f6 req_id=8fc7 payment.call downstream=payment-gateway status=429 attempt=1 msg="Too Many Requests"
2026-07-07T10:05:41.004Z INFO  checkout-service pod=checkout-8a1d-f6 req_id=8fc7 retry.scheduled attempt=2 delay_ms=200
2026-07-07T10:05:41.330Z ERROR checkout-service pod=checkout-8a1d-f6 req_id=8fc7 payment.call downstream=payment-gateway status=429 attempt=2 msg="Too Many Requests"
2026-07-07T10:06:02.884Z ALERT checkout-service ALERT_FIRED name="High latency & elevated error rate" p95_latency_ms=2140 error_rate_pct=6.8
2026-07-07T10:07:10.500Z ALERT checkout-service-db ALERT_FIRED name="DB connection pool saturation" active_connections=50 max_connections=50 duration_min=3
2026-07-07T10:07:33.221Z ERROR checkout-service pod=checkout-8a1d-a7 req_id=8fe2 db.pool.acquire timeout_ms=5000 active_connections=50 max_connections=50 msg="ConnectionPoolTimeoutException: no free connection after 5000ms"
2026-07-07T10:07:59.004Z ERROR checkout-service pod=checkout-8a1d-a7 req_id=8fe9 payment.call downstream=payment-gateway status=429 attempt=1 msg="Too Many Requests"
2026-07-07T10:08:20.771Z WARN  checkout-service pod=checkout-8a1d-b8 req_id=8ff5 db.pool active_connections=50 max_connections=50 queued_requests=22
2026-07-07T10:08:45.330Z ERROR checkout-service pod=checkout-8a1d-b8 req_id=8005 POST /checkout/start status=504 duration_ms=5009
2026-07-07T10:09:12.556Z ERROR checkout-service pod=checkout-8a1d-c9 req_id=800e payment.call downstream=payment-gateway status=429 attempt=1 msg="Too Many Requests"
2026-07-07T10:09:33.812Z ERROR checkout-service pod=checkout-8a1d-c9 req_id=8021 db.pool.acquire timeout_ms=5000 active_connections=50 max_connections=50 msg="ConnectionPoolTimeoutException: no free connection after 5000ms"
2026-07-07T10:10:05.114Z WARN  checkout-service pod=checkout-8a1d-d0 req_id=8033 db.pool active_connections=50 max_connections=50 queued_requests=31
2026-07-07T10:10:41.220Z ERROR checkout-service pod=checkout-8a1d-d0 req_id=8041 payment.call downstream=payment-gateway status=429 attempt=2 msg="Too Many Requests"
2026-07-07T10:11:15.667Z ERROR checkout-service pod=checkout-8a1d-e1 req_id=8055 POST /checkout/start status=504 duration_ms=5013
2026-07-07T10:12:02.331Z ERROR checkout-service pod=checkout-8a1d-e1 req_id=8067 db.pool.acquire timeout_ms=5000 active_connections=50 max_connections=50 msg="ConnectionPoolTimeoutException: no free connection after 5000ms"
2026-07-07T10:13:40.900Z WARN  checkout-service pod=checkout-8a1d-f2 req_id=8081 db.pool active_connections=50 max_connections=50 queued_requests=38
2026-07-07T10:15:02.221Z ERROR checkout-service pod=checkout-8a1d-f2 req_id=8098 payment.call downstream=payment-gateway status=429 attempt=1 msg="Too Many Requests"
2026-07-07T10:16:33.554Z ERROR checkout-service pod=checkout-8a1d-a3 req_id=80a2 POST /checkout/start status=504 duration_ms=5010
2026-07-07T10:18:02.771Z WARN  checkout-service pod=checkout-8a1d-b4 req_id=80c9 db.pool active_connections=50 max_connections=50 queued_requests=41
2026-07-07T10:19:45.330Z ERROR checkout-service pod=checkout-8a1d-c5 req_id=80e1 payment.call downstream=payment-gateway status=429 attempt=3 msg="Too Many Requests, giving up after 3 attempts"
2026-07-07T10:19:45.500Z ERROR checkout-service pod=checkout-8a1d-c5 req_id=80e1 POST /checkout/start status=502 duration_ms=612 msg="Upstream payment-gateway unavailable"
2026-07-07T10:20:00.001Z WARN  checkout-service summary window_min=15 success_rate_pct=62.4 p95_latency_ms=4180 db_pool_saturation_pct=100
